<?xml version="1.0" encoding="UTF-8"?>
<!-- Generated by org.testng.reporters.JUnitReportReporter -->
<testsuite hostname="DESKTOP-MPFQ2EP" failures="0" tests="1" name="Npack.AddToCart" time="10.016" errors="0" timestamp="2023-01-25T14:08:21 IST" skipped="0">
  <testcase classname="Npack.AddToCart" name="AddToCartBySelectProduct" time="10.016"/>
  <system-out/>
</testsuite> <!-- Npack.AddToCart -->
