<?xml version="1.0" encoding="UTF-8"?>
<!-- Generated by org.testng.reporters.JUnitReportReporter -->
<testsuite hostname="DESKTOP-MPFQ2EP" failures="0" tests="7" name="Npack.LoginTest" time="24.717" errors="0" timestamp="2023-01-25T15:24:44 IST" skipped="0">
  <testcase classname="Npack.LoginTest" name="Validinput" time="3.857"/>
  <system-out/>
  <testcase classname="Npack.LoginTest" name="Validinput" time="3.855"/>
  <system-out/>
  <testcase classname="Npack.LoginTest" name="Validinput" time="3.622"/>
  <system-out/>
  <testcase classname="Npack.LoginTest" name="InvalidInput" time="3.340"/>
  <system-out/>
  <testcase classname="Npack.LoginTest" name="ValidMailInvalidPassword" time="3.441"/>
  <system-out/>
  <testcase classname="Npack.LoginTest" name="InvalidMailValidPassword" time="3.352"/>
  <system-out/>
  <testcase classname="Npack.LoginTest" name="LoginWithoutInput" time="3.250"/>
  <system-out/>
</testsuite> <!-- Npack.LoginTest -->
