<?xml version="1.0" encoding="UTF-8"?>
<!-- Generated by org.testng.reporters.JUnitReportReporter -->
<testsuite hostname="DESKTOP-MPFQ2EP" failures="0" tests="1" name="Npack.ProductDisplay" time="5.374" errors="0" timestamp="2023-01-25T00:03:38 IST" skipped="0">
  <testcase classname="Npack.ProductDisplay" name="AddToCart" time="5.374"/>
  <system-out/>
</testsuite> <!-- Npack.ProductDisplay -->
