<?xml version="1.0" encoding="UTF-8"?>
<!-- Generated by org.testng.reporters.JUnitReportReporter -->
<testsuite hostname="DESKTOP-MPFQ2EP" failures="0" tests="3" name="Npack.RegisterTest" time="13.724" errors="0" timestamp="2023-01-25T15:24:44 IST" skipped="0">
  <testcase classname="Npack.RegisterTest" name="RegisterWithFields" time="4.286"/>
  <system-out/>
  <testcase classname="Npack.RegisterTest" name="RegisterWithAllFields" time="4.200"/>
  <system-out/>
  <testcase classname="Npack.RegisterTest" name="RegisterWithoutFields" time="5.238"/>
  <system-out/>
</testsuite> <!-- Npack.RegisterTest -->
